<?xml version="1.0" encoding="UTF-8"?>
<robot generator="Robot 3.2.2 (Python 3.9.1 on win32)" generated="20210227 16:38:49.500" rpa="false">
<suite id="s1" name="Test" source="C:\Users\ADMIN\Assignment-1\robotframework\test.txt">
<test id="s1-t1" name="Open Lucky Draw Registration Page">
<kw name="Open Browser" library="SeleniumLibrary">
<doc>Opens a new browser instance to the optional ``url``.</doc>
<arguments>
<arg>${URL}</arg>
<arg>${BROWSER}</arg>
</arguments>
<msg timestamp="20210227 16:38:49.673" level="INFO">Opening browser 'chrome' to base url 'https://www.google.com/'.</msg>
<status status="PASS" starttime="20210227 16:38:49.673" endtime="20210227 16:38:52.934"></status>
</kw>
<kw name="Location Should Be" library="SeleniumLibrary">
<doc>Verifies that the current URL is exactly ``url``.</doc>
<arguments>
<arg>${URL}</arg>
</arguments>
<msg timestamp="20210227 16:38:52.942" level="INFO">Current location is 'https://www.google.com/'.</msg>
<status status="PASS" starttime="20210227 16:38:52.935" endtime="20210227 16:38:52.942"></status>
</kw>
<kw name="Close Browser" library="SeleniumLibrary">
<doc>Closes the current browser.</doc>
<status status="PASS" starttime="20210227 16:38:52.942" endtime="20210227 16:38:55.102"></status>
</kw>
<status status="PASS" starttime="20210227 16:38:49.672" endtime="20210227 16:38:55.103" critical="yes"></status>
</test>
<status status="PASS" starttime="20210227 16:38:49.501" endtime="20210227 16:38:55.105"></status>
</suite>
<statistics>
<total>
<stat pass="1" fail="0">Critical Tests</stat>
<stat pass="1" fail="0">All Tests</stat>
</total>
<tag>
</tag>
<suite>
<stat pass="1" fail="0" id="s1" name="Test">Test</stat>
</suite>
</statistics>
<errors>
</errors>
</robot>
